<?xml version="1.0" encoding="UTF-8" standalone="yes"?><!DOCTYPE report PUBLIC "-//JACOCO//DTD Report 1.1//EN" "report.dtd"><report name="Model"><sessioninfo id="fv-az1383-163-e1d81789" start="1742337336393" dump="1742337338513"/><package name="io/oigres/ecomm/service/limiter"><class name="io/oigres/ecomm/service/limiter/RequestAudit$HttpCookie" sourcefilename="RequestAudit.java"/><class name="io/oigres/ecomm/service/limiter/BlackedInfo" sourcefilename="BlackedInfo.java"><method name="isIncluded" desc="(Ljava/time/LocalDateTime;)Z" line="40"><counter type="INSTRUCTION" missed="0" covered="14"/><counter type="BRANCH" missed="0" covered="4"/><counter type="LINE" missed="0" covered="1"/><counter type="COMPLEXITY" missed="0" covered="3"/><counter type="METHOD" missed="0" covered="1"/></method><counter type="INSTRUCTION" missed="0" covered="14"/><counter type="BRANCH" missed="0" covered="4"/><counter type="LINE" missed="0" covered="1"/><counter type="COMPLEXITY" missed="0" covered="3"/><counter type="METHOD" missed="0" covered="1"/><counter type="CLASS" missed="0" covered="1"/></class><class name="io/oigres/ecomm/service/limiter/RequestAudit$HttpCookie$HttpCookieBuilder" sourcefilename="RequestAudit.java"/><class name="io/oigres/ecomm/service/limiter/BlackedInfo$BlackedInfoBuilder" sourcefilename="BlackedInfo.java"/><class name="io/oigres/ecomm/service/limiter/ResponseAudit" sourcefilename="ResponseAudit.java"><method name="getHeaders" desc="()Ljava/util/Map;" line="64"><counter type="INSTRUCTION" missed="2" covered="14"/><counter type="BRANCH" missed="1" covered="1"/><counter type="LINE" missed="1" covered="3"/><counter type="COMPLEXITY" missed="1" covered="1"/><counter type="METHOD" missed="0" covered="1"/></method><method name="getCookies" desc="()Ljava/util/Map;" line="71"><counter type="INSTRUCTION" missed="2" covered="14"/><counter type="BRANCH" missed="1" covered="1"/><counter type="LINE" missed="1" covered="3"/><counter type="COMPLEXITY" missed="1" covered="1"/><counter type="METHOD" missed="0" covered="1"/></method><method name="lambda$getCookies$1" desc="(Ljava/util/Map$Entry;)Ljava/util/List;" line="74"><counter type="INSTRUCTION" missed="0" covered="5"/><counter type="LINE" missed="0" covered="1"/><counter type="COMPLEXITY" missed="0" covered="1"/><counter type="METHOD" missed="0" covered="1"/></method><method name="lambda$getHeaders$0" desc="(Ljava/util/Map$Entry;)Ljava/util/List;" line="67"><counter type="INSTRUCTION" missed="0" covered="5"/><counter type="LINE" missed="0" covered="1"/><counter type="COMPLEXITY" missed="0" covered="1"/><counter type="METHOD" missed="0" covered="1"/></method><counter type="INSTRUCTION" missed="4" covered="38"/><counter type="BRANCH" missed="2" covered="2"/><counter type="LINE" missed="2" covered="6"/><counter type="COMPLEXITY" missed="2" covered="4"/><counter type="METHOD" missed="0" covered="4"/><counter type="CLASS" missed="0" covered="1"/></class><class name="io/oigres/ecomm/service/limiter/DLQMessage$DLQMessageBuilder" sourcefilename="DLQMessage.java"/><class name="io/oigres/ecomm/service/limiter/DLQMessage" sourcefilename="DLQMessage.java"/><class name="io/oigres/ecomm/service/limiter/ResponseAudit$ResponseAuditBuilder" sourcefilename="ResponseAudit.java"/><class name="io/oigres/ecomm/service/limiter/ResponseAudit$HttpCookie$HttpCookieBuilder" sourcefilename="ResponseAudit.java"/><class name="io/oigres/ecomm/service/limiter/RequestAudit$RequestAuditBuilder" sourcefilename="RequestAudit.java"/><class name="io/oigres/ecomm/service/limiter/ResponseAudit$HttpCookie" sourcefilename="ResponseAudit.java"/><class name="io/oigres/ecomm/service/limiter/RequestAudit" sourcefilename="RequestAudit.java"><method name="getQuery" desc="()Ljava/util/Map;" line="63"><counter type="INSTRUCTION" missed="2" covered="14"/><counter type="BRANCH" missed="1" covered="1"/><counter type="LINE" missed="1" covered="3"/><counter type="COMPLEXITY" missed="1" covered="1"/><counter type="METHOD" missed="0" covered="1"/></method><method name="getHeaders" desc="()Ljava/util/Map;" line="70"><counter type="INSTRUCTION" missed="2" covered="14"/><counter type="BRANCH" missed="1" covered="1"/><counter type="LINE" missed="1" covered="3"/><counter type="COMPLEXITY" missed="1" covered="1"/><counter type="METHOD" missed="0" covered="1"/></method><method name="getCookies" desc="()Ljava/util/Map;" line="77"><counter type="INSTRUCTION" missed="2" covered="14"/><counter type="BRANCH" missed="1" covered="1"/><counter type="LINE" missed="1" covered="3"/><counter type="COMPLEXITY" missed="1" covered="1"/><counter type="METHOD" missed="0" covered="1"/></method><method name="lambda$getCookies$2" desc="(Ljava/util/Map$Entry;)Ljava/util/List;" line="80"><counter type="INSTRUCTION" missed="0" covered="5"/><counter type="LINE" missed="0" covered="1"/><counter type="COMPLEXITY" missed="0" covered="1"/><counter type="METHOD" missed="0" covered="1"/></method><method name="lambda$getHeaders$1" desc="(Ljava/util/Map$Entry;)Ljava/util/List;" line="73"><counter type="INSTRUCTION" missed="0" covered="5"/><counter type="LINE" missed="0" covered="1"/><counter type="COMPLEXITY" missed="0" covered="1"/><counter type="METHOD" missed="0" covered="1"/></method><method name="lambda$getQuery$0" desc="(Ljava/util/Map$Entry;)Ljava/util/List;" line="66"><counter type="INSTRUCTION" missed="0" covered="5"/><counter type="LINE" missed="0" covered="1"/><counter type="COMPLEXITY" missed="0" covered="1"/><counter type="METHOD" missed="0" covered="1"/></method><counter type="INSTRUCTION" missed="6" covered="57"/><counter type="BRANCH" missed="3" covered="3"/><counter type="LINE" missed="3" covered="9"/><counter type="COMPLEXITY" missed="3" covered="6"/><counter type="METHOD" missed="0" covered="6"/><counter type="CLASS" missed="0" covered="1"/></class><sourcefile name="ResponseAudit.java"><line nr="64" mi="0" ci="5" mb="1" cb="1"/><line nr="65" mi="2" ci="0" mb="0" cb="0"/><line nr="66" mi="0" ci="4" mb="0" cb="0"/><line nr="67" mi="0" ci="10" mb="0" cb="0"/><line nr="71" mi="0" ci="5" mb="1" cb="1"/><line nr="72" mi="2" ci="0" mb="0" cb="0"/><line nr="73" mi="0" ci="4" mb="0" cb="0"/><line nr="74" mi="0" ci="10" mb="0" cb="0"/><counter type="INSTRUCTION" missed="4" covered="38"/><counter type="BRANCH" missed="2" covered="2"/><counter type="LINE" missed="2" covered="6"/><counter type="COMPLEXITY" missed="2" covered="4"/><counter type="METHOD" missed="0" covered="4"/><counter type="CLASS" missed="0" covered="1"/></sourcefile><sourcefile name="RequestAudit.java"><line nr="63" mi="0" ci="5" mb="1" cb="1"/><line nr="64" mi="2" ci="0" mb="0" cb="0"/><line nr="65" mi="0" ci="4" mb="0" cb="0"/><line nr="66" mi="0" ci="10" mb="0" cb="0"/><line nr="70" mi="0" ci="5" mb="1" cb="1"/><line nr="71" mi="2" ci="0" mb="0" cb="0"/><line nr="72" mi="0" ci="4" mb="0" cb="0"/><line nr="73" mi="0" ci="10" mb="0" cb="0"/><line nr="77" mi="0" ci="5" mb="1" cb="1"/><line nr="78" mi="2" ci="0" mb="0" cb="0"/><line nr="79" mi="0" ci="4" mb="0" cb="0"/><line nr="80" mi="0" ci="10" mb="0" cb="0"/><counter type="INSTRUCTION" missed="6" covered="57"/><counter type="BRANCH" missed="3" covered="3"/><counter type="LINE" missed="3" covered="9"/><counter type="COMPLEXITY" missed="3" covered="6"/><counter type="METHOD" missed="0" covered="6"/><counter type="CLASS" missed="0" covered="1"/></sourcefile><sourcefile name="DLQMessage.java"/><sourcefile name="BlackedInfo.java"><line nr="40" mi="0" ci="14" mb="0" cb="4"/><counter type="INSTRUCTION" missed="0" covered="14"/><counter type="BRANCH" missed="0" covered="4"/><counter type="LINE" missed="0" covered="1"/><counter type="COMPLEXITY" missed="0" covered="3"/><counter type="METHOD" missed="0" covered="1"/><counter type="CLASS" missed="0" covered="1"/></sourcefile><counter type="INSTRUCTION" missed="10" covered="109"/><counter type="BRANCH" missed="5" covered="9"/><counter type="LINE" missed="5" covered="16"/><counter type="COMPLEXITY" missed="5" covered="13"/><counter type="METHOD" missed="0" covered="11"/><counter type="CLASS" missed="0" covered="3"/></package><counter type="INSTRUCTION" missed="10" covered="109"/><counter type="BRANCH" missed="5" covered="9"/><counter type="LINE" missed="5" covered="16"/><counter type="COMPLEXITY" missed="5" covered="13"/><counter type="METHOD" missed="0" covered="11"/><counter type="CLASS" missed="0" covered="3"/></report>